{"/app/src/models/PricingRule.ts": {"path":"/app/src/models/PricingRule.ts","statementMap":{"0":{"start":{"line":1,"column":0},"end":{"line":1,"column":32}},"1":{"start":{"line":3,"column":27},"end":{"line":6,"column":18}},"2":{"start":{"line":8,"column":26},"end":{"line":12,"column":2}},"3":{"start":{"line":14,"column":0},"end":{"line":14,"column":64}}},"fnMap":{},"branchMap":{},"s":{"0":1,"1":1,"2":1,"3":1},"f":{},"b":{}}
,"/app/src/services/CheckoutService.ts": {"path":"/app/src/services/CheckoutService.ts","statementMap":{"0":{"start":{"line":1,"column":0},"end":{"line":1,"column":48}},"1":{"start":{"line":4,"column":10},"end":{"line":4,"column":35}},"2":{"start":{"line":5,"column":10},"end":{"line":5,"column":38}},"3":{"start":{"line":8,"column":4},"end":{"line":21,"column":5}},"4":{"start":{"line":9,"column":20},"end":{"line":9,"column":44}},"5":{"start":{"line":10,"column":6},"end":{"line":12,"column":7}},"6":{"start":{"line":11,"column":8},"end":{"line":11,"column":50}},"7":{"start":{"line":13,"column":6},"end":{"line":18,"column":9}},"8":{"start":{"line":14,"column":8},"end":{"line":17,"column":11}},"9":{"start":{"line":20,"column":6},"end":{"line":20,"column":60}},"10":{"start":{"line":25,"column":4},"end":{"line":27,"column":5}},"11":{"start":{"line":26,"column":6},"end":{"line":26,"column":45}},"12":{"start":{"line":28,"column":4},"end":{"line":28,"column":32}},"13":{"start":{"line":32,"column":47},"end":{"line":32,"column":49}},"14":{"start":{"line":33,"column":4},"end":{"line":35,"column":7}},"15":{"start":{"line":34,"column":6},"end":{"line":34,"column":51}},"16":{"start":{"line":37,"column":16},"end":{"line":37,"column":17}},"17":{"start":{"line":39,"column":4},"end":{"line":52,"column":5}},"18":{"start":{"line":40,"column":19},"end":{"line":40,"column":45}},"19":{"start":{"line":41,"column":6},"end":{"line":41,"column":75}},"20":{"start":{"line":41,"column":17},"end":{"line":41,"column":75}},"21":{"start":{"line":43,"column":42},"end":{"line":43,"column":46}},"22":{"start":{"line":45,"column":6},"end":{"line":51,"column":7}},"23":{"start":{"line":46,"column":25},"end":{"line":46,"column":66}},"24":{"start":{"line":47,"column":26},"end":{"line":47,"column":55}},"25":{"start":{"line":48,"column":8},"end":{"line":48,"column":76}},"26":{"start":{"line":50,"column":8},"end":{"line":50,"column":35}},"27":{"start":{"line":54,"column":4},"end":{"line":54,"column":17}},"28":{"start":{"line":58,"column":4},"end":{"line":58,"column":27}},"29":{"start":{"line":3,"column":0},"end":{"line":3,"column":13}}},"fnMap":{"0":{"name":"(anonymous_1)","decl":{"start":{"line":3,"column":0},"end":{"line":3,"column":13}},"loc":{"start":{"line":3,"column":0},"end":{"line":60,"column":1}}},"1":{"name":"(anonymous_2)","decl":{"start":{"line":7,"column":2},"end":{"line":7,"column":7}},"loc":{"start":{"line":7,"column":24},"end":{"line":22,"column":3}}},"2":{"name":"(anonymous_3)","decl":{"start":{"line":13,"column":20},"end":{"line":13,"column":24}},"loc":{"start":{"line":13,"column":27},"end":{"line":18,"column":7}}},"3":{"name":"(anonymous_4)","decl":{"start":{"line":24,"column":2},"end":{"line":24,"column":6}},"loc":{"start":{"line":24,"column":18},"end":{"line":29,"column":3}}},"4":{"name":"(anonymous_5)","decl":{"start":{"line":31,"column":2},"end":{"line":31,"column":7}},"loc":{"start":{"line":31,"column":7},"end":{"line":55,"column":3}}},"5":{"name":"(anonymous_6)","decl":{"start":{"line":33,"column":30},"end":{"line":33,"column":33}},"loc":{"start":{"line":33,"column":36},"end":{"line":35,"column":5}}},"6":{"name":"(anonymous_7)","decl":{"start":{"line":57,"column":2},"end":{"line":57,"column":7}},"loc":{"start":{"line":57,"column":7},"end":{"line":59,"column":3}}}},"branchMap":{"0":{"loc":{"start":{"line":10,"column":6},"end":{"line":12,"column":7}},"type":"if","locations":[{"start":{"line":10,"column":6},"end":{"line":12,"column":7}}]},"1":{"loc":{"start":{"line":10,"column":10},"end":{"line":10,"column":38}},"type":"binary-expr","locations":[{"start":{"line":10,"column":10},"end":{"line":10,"column":16}},{"start":{"line":10,"column":20},"end":{"line":10,"column":38}}]},"2":{"loc":{"start":{"line":16,"column":24},"end":{"line":16,"column":54}},"type":"binary-expr","locations":[{"start":{"line":16,"column":24},"end":{"line":16,"column":41}},{"start":{"line":16,"column":45},"end":{"line":16,"column":54}}]},"3":{"loc":{"start":{"line":25,"column":4},"end":{"line":27,"column":5}},"type":"if","locations":[{"start":{"line":25,"column":4},"end":{"line":27,"column":5}}]},"4":{"loc":{"start":{"line":34,"column":25},"end":{"line":34,"column":45}},"type":"binary-expr","locations":[{"start":{"line":34,"column":25},"end":{"line":34,"column":40}},{"start":{"line":34,"column":44},"end":{"line":34,"column":45}}]},"5":{"loc":{"start":{"line":41,"column":6},"end":{"line":41,"column":75}},"type":"if","locations":[{"start":{"line":41,"column":6},"end":{"line":41,"column":75}}]},"6":{"loc":{"start":{"line":45,"column":6},"end":{"line":51,"column":7}},"type":"if","locations":[{"start":{"line":45,"column":6},"end":{"line":51,"column":7}},{"start":{"line":49,"column":13},"end":{"line":51,"column":7}}]},"7":{"loc":{"start":{"line":45,"column":10},"end":{"line":45,"column":56}},"type":"binary-expr","locations":[{"start":{"line":45,"column":10},"end":{"line":45,"column":22}},{"start":{"line":45,"column":26},"end":{"line":45,"column":56}}]}},"s":{"0":1,"1":10,"2":10,"3":11,"4":11,"5":11,"6":0,"7":11,"8":44,"9":0,"10":24,"11":2,"12":22,"13":8,"14":8,"15":21,"16":8,"17":8,"18":9,"19":9,"20":0,"21":9,"22":9,"23":4,"24":4,"25":4,"26":5,"27":8,"28":0,"29":1},"f":{"0":10,"1":11,"2":44,"3":24,"4":8,"5":21,"6":0},"b":{"0":[0],"1":[11,11],"2":[44,22],"3":[2],"4":[21,9],"5":[0],"6":[4,5],"7":[9,6]}}
}
