TN:
SF:src/models/PricingRule.ts
FNF:0
FNH:0
DA:1,1
DA:3,1
DA:8,1
DA:14,1
LF:4
LH:4
BRF:0
BRH:0
end_of_record
TN:
SF:src/services/CheckoutService.ts
FN:3,(anonymous_1)
FN:7,(anonymous_2)
FN:13,(anonymous_3)
FN:24,(anonymous_4)
FN:31,(anonymous_5)
FN:33,(anonymous_6)
FN:57,(anonymous_7)
FNF:7
FNH:6
FNDA:10,(anonymous_1)
FNDA:11,(anonymous_2)
FNDA:44,(anonymous_3)
FNDA:24,(anonymous_4)
FNDA:8,(anonymous_5)
FNDA:21,(anonymous_6)
FNDA:0,(anonymous_7)
DA:1,1
DA:3,1
DA:4,10
DA:5,10
DA:8,11
DA:9,11
DA:10,11
DA:11,0
DA:13,11
DA:14,44
DA:20,0
DA:25,24
DA:26,2
DA:28,22
DA:32,8
DA:33,8
DA:34,21
DA:37,8
DA:39,8
DA:40,9
DA:41,9
DA:43,9
DA:45,9
DA:46,4
DA:47,4
DA:48,4
DA:50,5
DA:54,8
DA:58,0
LF:29
LH:26
BRDA:10,0,0,0
BRDA:10,1,0,11
BRDA:10,1,1,11
BRDA:16,2,0,44
BRDA:16,2,1,22
BRDA:25,3,0,2
BRDA:34,4,0,21
BRDA:34,4,1,9
BRDA:41,5,0,0
BRDA:45,6,0,4
BRDA:45,6,1,5
BRDA:45,7,0,9
BRDA:45,7,1,6
BRF:13
BRH:11
end_of_record
